<?xml version="1.0" encoding="UTF-8"?>
<!-- Generated by org.testng.reporters.JUnitXMLReporter -->
<testsuite ignored="4" hostname="LAPTOP-MC9N9JRG" failures="0" tests="6" name="Test" time="195.325" errors="0" timestamp="2025-06-13T17:56:26 IST">
  <testcase classname="OrganizationModule.OrganizationAllTestSenarios" name="CreateOrganisation_IndustryAndType" time="19.768"/>
  <testcase classname="OrganizationModule.OrganizationAllTestSenarios" name="Createneworg" time="18.712"/>
  <testcase classname="OrganizationModule.OrganizationAllTestSenarios" name="createorgphone" time="22.46"/>
  <testcase classname="ContactModule.ContactAllTestSenarios" name="CreateContactWithOrg" time="40.331"/>
  <testcase classname="ContactModule.ContactAllTestSenarios" name="CreateConttName" time="16.631"/>
  <testcase classname="ContactModule.ContactAllTestSenarios" name="CreateConttsupportdate" time="18.216"/>
  <testcase classname="BaseClassUtility.BaseClass" name="@AfterTest CloseParallelExe" time="0.0">
    <ignored/>
  </testcase> <!-- @AfterTest CloseParallelExe -->
  <testcase classname="BaseClassUtility.BaseClass" name="@BeforeTest ConfigureParallelExe" time="0.0">
    <ignored/>
  </testcase> <!-- @BeforeTest ConfigureParallelExe -->
  <testcase classname="BaseClassUtility.BaseClass" name="@AfterSuite CloseConnectionWithDB" time="0.0">
    <ignored/>
  </testcase> <!-- @AfterSuite CloseConnectionWithDB -->
  <testcase classname="BaseClassUtility.BaseClass" name="@BeforeSuite ConnectionWithDB" time="0.0">
    <ignored/>
  </testcase> <!-- @BeforeSuite ConnectionWithDB -->
</testsuite> <!-- Test -->
