<?xml version="1.0" encoding="UTF-8"?>
<!-- Generated by org.testng.reporters.JUnitXMLReporter -->
<testsuite ignored="4" hostname="LAPTOP-MC9N9JRG" failures="0" tests="6" name="Test_edge" time="115.406" errors="0" timestamp="2025-06-12T17:50:53 IST">
  <testcase classname="OrganizationModule.OrganizationAllTestSenarios" name="CreateOrganisation_IndustryAndType" time="12.697"/>
  <testcase classname="OrganizationModule.OrganizationAllTestSenarios" name="Createneworg" time="12.09"/>
  <testcase classname="OrganizationModule.OrganizationAllTestSenarios" name="createorgphone" time="14.108"/>
  <testcase classname="ContactModule.ContactAllTestSenarios" name="CreateContactWithOrg" time="18.713"/>
  <testcase classname="ContactModule.ContactAllTestSenarios" name="CreateConttName" time="10.59"/>
  <testcase classname="ContactModule.ContactAllTestSenarios" name="CreateConttsupportdate" time="11.724"/>
  <testcase classname="BaseClassUtility.BaseClass" name="@AfterSuite CloseConnectionWithDB" time="0.0">
    <ignored/>
  </testcase> <!-- @AfterSuite CloseConnectionWithDB -->
  <testcase classname="BaseClassUtility.BaseClass" name="@BeforeSuite ConnectionWithDB" time="0.0">
    <ignored/>
  </testcase> <!-- @BeforeSuite ConnectionWithDB -->
  <testcase classname="BaseClassUtility.BaseClass" name="@AfterTest CloseParallelExe" time="0.0">
    <ignored/>
  </testcase> <!-- @AfterTest CloseParallelExe -->
  <testcase classname="BaseClassUtility.BaseClass" name="@BeforeTest ConfigureParallelExe" time="0.0">
    <ignored/>
  </testcase> <!-- @BeforeTest ConfigureParallelExe -->
</testsuite> <!-- Test_edge -->
